This is pdfTeX, Version 3.14159265-2.6-1.40.18 (TeX Live 2017/Debian) (preloaded format=pdflatex 2021.9.22)  22 SEP 2021 17:56
entering extended mode
 restricted \write18 enabled.
 file:line:error style messages enabled.
 %&-line parsing enabled.
**"/home/lucajett/Desktop/UNI/App Mobili/Tesi.tex"
(/home/lucajett/Desktop/UNI/App Mobili/Tesi.tex
LaTeX2e <2017-04-15>
Babel <3.18> and hyphenation patterns for 84 language(s) loaded.
(/usr/share/texlive/texmf-dist/tex/latex/base/report.cls
Document Class: report 2014/09/29 v1.4h Standard LaTeX document class
(/usr/share/texlive/texmf-dist/tex/latex/base/size12.clo
File: size12.clo 2014/09/29 v1.4h Standard LaTeX file (size option)
)
\c@part=\count79
\c@chapter=\count80
\c@section=\count81
\c@subsection=\count82
\c@subsubsection=\count83
\c@paragraph=\count84
\c@subparagraph=\count85
\c@figure=\count86
\c@table=\count87
\abovecaptionskip=\skip41
\belowcaptionskip=\skip42
\bibindent=\dimen102
) (/usr/share/texlive/texmf-dist/tex/generic/babel/babel.sty
Package: babel 2018/02/14 3.18 The Babel package
 (/usr/share/texlive/texmf-dist/tex/generic/babel/switch.def
File: switch.def 2018/02/14 3.18 Babel switching mechanism
) (/usr/share/texlive/texmf-dist/tex/generic/babel-italian/italian.ldf
Language: italian 2015/03/26 v1.3n Italian support from the babel system
 (/usr/share/texlive/texmf-dist/tex/generic/babel/babel.def
File: babel.def 2018/02/14 3.18 Babel common definitions
\babel@savecnt=\count88
\U@D=\dimen103
 (/usr/share/texlive/texmf-dist/tex/generic/babel/txtbabel.def)
\bbl@dirlevel=\count89
)
\it@lettering=\count90
\it@doublequoteactive=\count91
\it@ISOcompliance=\count92
)) (/usr/share/texlive/texmf-dist/tex/latex/etoolbox/etoolbox.sty
Package: etoolbox 2018/02/11 v2.5e e-TeX tools for LaTeX (JAW)
\etb@tempcnta=\count93
) (/usr/share/texlive/texmf-dist/tex/latex/base/newlfont.sty
Package: newlfont 1998/08/17 v2.2m Standard LaTeX package
LaTeX Info: Redefining \em on input line 57.
 (/usr/share/texlive/texmf-dist/tex/latex/base/latexsym.sty
Package: latexsym 1998/08/17 v2.2e Standard LaTeX package (lasy symbols)
\symlasy=\mathgroup4
LaTeX Font Info:    Overwriting symbol font `lasy' in version `bold'
(Font)                  U/lasy/m/n --> U/lasy/b/n on input line 52.
)) (/usr/share/texlive/texmf-dist/tex/latex/amsmath/amsmath.sty
Package: amsmath 2017/09/02 v2.17a AMS math features
\@mathmargin=\skip43

For additional information on amsmath, use the `?' option.
(/usr/share/texlive/texmf-dist/tex/latex/amsmath/amstext.sty
Package: amstext 2000/06/29 v2.01 AMS text
 (/usr/share/texlive/texmf-dist/tex/latex/amsmath/amsgen.sty
File: amsgen.sty 1999/11/30 v2.0 generic functions
\@emptytoks=\toks14
\ex@=\dimen104
)) (/usr/share/texlive/texmf-dist/tex/latex/amsmath/amsbsy.sty
Package: amsbsy 1999/11/29 v1.2d Bold Symbols
\pmbraise@=\dimen105
) (/usr/share/texlive/texmf-dist/tex/latex/amsmath/amsopn.sty
Package: amsopn 2016/03/08 v2.02 operator names
)
\inf@bad=\count94
LaTeX Info: Redefining \frac on input line 213.
\uproot@=\count95
\leftroot@=\count96
LaTeX Info: Redefining \overline on input line 375.
\classnum@=\count97
\DOTSCASE@=\count98
LaTeX Info: Redefining \ldots on input line 472.
LaTeX Info: Redefining \dots on input line 475.
LaTeX Info: Redefining \cdots on input line 596.
\Mathstrutbox@=\box26
\strutbox@=\box27
\big@size=\dimen106
LaTeX Font Info:    Redeclaring font encoding OML on input line 712.
LaTeX Font Info:    Redeclaring font encoding OMS on input line 713.
\macc@depth=\count99
\c@MaxMatrixCols=\count100
\dotsspace@=\muskip10
\c@parentequation=\count101
\dspbrk@lvl=\count102
\tag@help=\toks15
\row@=\count103
\column@=\count104
\maxfields@=\count105
\andhelp@=\toks16
\eqnshift@=\dimen107
\alignsep@=\dimen108
\tagshift@=\dimen109
\tagwidth@=\dimen110
\totwidth@=\dimen111
\lineht@=\dimen112
\@envbody=\toks17
\multlinegap=\skip44
\multlinetaggap=\skip45
\mathdisplay@stack=\toks18
LaTeX Info: Redefining \[ on input line 2817.
LaTeX Info: Redefining \] on input line 2818.
) (/usr/share/texlive/texmf-dist/tex/latex/amsfonts/amssymb.sty
Package: amssymb 2013/01/14 v3.01 AMS font symbols
 (/usr/share/texlive/texmf-dist/tex/latex/amsfonts/amsfonts.sty
Package: amsfonts 2013/01/14 v3.01 Basic AMSFonts support
\symAMSa=\mathgroup5
\symAMSb=\mathgroup6
LaTeX Font Info:    Overwriting math alphabet `\mathfrak' in version `bold'
(Font)                  U/euf/m/n --> U/euf/b/n on input line 106.
)) (/usr/share/texlive/texmf-dist/tex/latex/amscls/amsthm.sty
Package: amsthm 2017/10/31 v2.20.4
\thm@style=\toks19
\thm@bodyfont=\toks20
\thm@headfont=\toks21
\thm@notefont=\toks22
\thm@headpunct=\toks23
\thm@preskip=\skip46
\thm@postskip=\skip47
\thm@headsep=\skip48
\dth@everypar=\toks24
) (/usr/share/texlive/texmf-dist/tex/latex/xcolor/xcolor.sty
Package: xcolor 2016/05/11 v2.12 LaTeX color extensions (UK)
 (/usr/share/texlive/texmf-dist/tex/latex/graphics-cfg/color.cfg
File: color.cfg 2016/01/02 v1.6 sample color configuration
)
Package xcolor Info: Driver file: pdftex.def on input line 225.
 (/usr/share/texlive/texmf-dist/tex/latex/graphics-def/pdftex.def
File: pdftex.def 2018/01/08 v1.0l Graphics/color driver for pdftex
)
Package xcolor Info: Model `cmy' substituted by `cmy0' on input line 1348.
Package xcolor Info: Model `hsb' substituted by `rgb' on input line 1352.
Package xcolor Info: Model `RGB' extended on input line 1364.
Package xcolor Info: Model `HTML' substituted by `rgb' on input line 1366.
Package xcolor Info: Model `Hsb' substituted by `hsb' on input line 1367.
Package xcolor Info: Model `tHsb' substituted by `hsb' on input line 1368.
Package xcolor Info: Model `HSB' substituted by `hsb' on input line 1369.
Package xcolor Info: Model `Gray' substituted by `gray' on input line 1370.
Package xcolor Info: Model `wave' substituted by `hsb' on input line 1371.
) (/usr/share/texlive/texmf-dist/tex/latex/listings/listings.sty (/usr/share/texlive/texmf-dist/tex/latex/graphics/keyval.sty
Package: keyval 2014/10/28 v1.15 key=value parser (DPC)
\KV@toks@=\toks25
)
\lst@mode=\count106
\lst@gtempboxa=\box28
\lst@token=\toks26
\lst@length=\count107
\lst@currlwidth=\dimen113
\lst@column=\count108
\lst@pos=\count109
\lst@lostspace=\dimen114
\lst@width=\dimen115
\lst@newlines=\count110
\lst@lineno=\count111
\lst@maxwidth=\dimen116
 (/usr/share/texlive/texmf-dist/tex/latex/listings/lstmisc.sty
File: lstmisc.sty 2015/06/04 1.6 (Carsten Heinz)
\c@lstnumber=\count112
\lst@skipnumbers=\count113
\lst@framebox=\box29
) (/usr/share/texlive/texmf-dist/tex/latex/listings/listings.cfg
File: listings.cfg 2015/06/04 1.6 listings configuration
))
Package: listings 2015/06/04 1.6 (Carsten Heinz)
 (/usr/share/texlive/texmf-dist/tex/latex/pgf/frontendlayer/tikz.sty (/usr/share/texlive/texmf-dist/tex/latex/pgf/basiclayer/pgf.sty (/usr/share/texlive/texmf-dist/tex/latex/pgf/utilities/pgfrcs.sty (/usr/share/texlive/texmf-dist/tex/generic/pgf/utilities/pgfutil-common.tex
\pgfutil@everybye=\toks27
\pgfutil@tempdima=\dimen117
\pgfutil@tempdimb=\dimen118
 (/usr/share/texlive/texmf-dist/tex/generic/pgf/utilities/pgfutil-common-lists.tex)) (/usr/share/texlive/texmf-dist/tex/generic/pgf/utilities/pgfutil-latex.def
\pgfutil@abb=\box30
 (/usr/share/texlive/texmf-dist/tex/latex/ms/everyshi.sty
Package: everyshi 2001/05/15 v3.00 EveryShipout Package (MS)
)) (/usr/share/texlive/texmf-dist/tex/generic/pgf/utilities/pgfrcs.code.tex
Package: pgfrcs 2015/08/07 v3.0.1a (rcs-revision 1.31)
))
Package: pgf 2015/08/07 v3.0.1a (rcs-revision 1.15)
 (/usr/share/texlive/texmf-dist/tex/latex/pgf/basiclayer/pgfcore.sty (/usr/share/texlive/texmf-dist/tex/latex/graphics/graphicx.sty
Package: graphicx 2017/06/01 v1.1a Enhanced LaTeX Graphics (DPC,SPQR)
 (/usr/share/texlive/texmf-dist/tex/latex/graphics/graphics.sty
Package: graphics 2017/06/25 v1.2c Standard LaTeX Graphics (DPC,SPQR)
 (/usr/share/texlive/texmf-dist/tex/latex/graphics/trig.sty
Package: trig 2016/01/03 v1.10 sin cos tan (DPC)
) (/usr/share/texlive/texmf-dist/tex/latex/graphics-cfg/graphics.cfg
File: graphics.cfg 2016/06/04 v1.11 sample graphics configuration
)
Package graphics Info: Driver file: pdftex.def on input line 99.
)
\Gin@req@height=\dimen119
\Gin@req@width=\dimen120
) (/usr/share/texlive/texmf-dist/tex/latex/pgf/systemlayer/pgfsys.sty (/usr/share/texlive/texmf-dist/tex/generic/pgf/systemlayer/pgfsys.code.tex
Package: pgfsys 2014/07/09 v3.0.1a (rcs-revision 1.48)
 (/usr/share/texlive/texmf-dist/tex/generic/pgf/utilities/pgfkeys.code.tex
\pgfkeys@pathtoks=\toks28
\pgfkeys@temptoks=\toks29
 (/usr/share/texlive/texmf-dist/tex/generic/pgf/utilities/pgfkeysfiltered.code.tex
\pgfkeys@tmptoks=\toks30
))
\pgf@x=\dimen121
\pgf@y=\dimen122
\pgf@xa=\dimen123
\pgf@ya=\dimen124
\pgf@xb=\dimen125
\pgf@yb=\dimen126
\pgf@xc=\dimen127
\pgf@yc=\dimen128
\w@pgf@writea=\write3
\r@pgf@reada=\read1
\c@pgf@counta=\count114
\c@pgf@countb=\count115
\c@pgf@countc=\count116
\c@pgf@countd=\count117
\t@pgf@toka=\toks31
\t@pgf@tokb=\toks32
\t@pgf@tokc=\toks33
 (/usr/share/texlive/texmf-dist/tex/generic/pgf/systemlayer/pgf.cfg
File: pgf.cfg 2008/05/14  (rcs-revision 1.7)
)
Driver file for pgf: pgfsys-pdftex.def
 (/usr/share/texlive/texmf-dist/tex/generic/pgf/systemlayer/pgfsys-pdftex.def
File: pgfsys-pdftex.def 2014/10/11  (rcs-revision 1.35)
 (/usr/share/texlive/texmf-dist/tex/generic/pgf/systemlayer/pgfsys-common-pdf.def
File: pgfsys-common-pdf.def 2013/10/10  (rcs-revision 1.13)
))) (/usr/share/texlive/texmf-dist/tex/generic/pgf/systemlayer/pgfsyssoftpath.code.tex
File: pgfsyssoftpath.code.tex 2013/09/09  (rcs-revision 1.9)
\pgfsyssoftpath@smallbuffer@items=\count118
\pgfsyssoftpath@bigbuffer@items=\count119
) (/usr/share/texlive/texmf-dist/tex/generic/pgf/systemlayer/pgfsysprotocol.code.tex
File: pgfsysprotocol.code.tex 2006/10/16  (rcs-revision 1.4)
)) (/usr/share/texlive/texmf-dist/tex/generic/pgf/basiclayer/pgfcore.code.tex
Package: pgfcore 2010/04/11 v3.0.1a (rcs-revision 1.7)
 (/usr/share/texlive/texmf-dist/tex/generic/pgf/math/pgfmath.code.tex (/usr/share/texlive/texmf-dist/tex/generic/pgf/math/pgfmathcalc.code.tex (/usr/share/texlive/texmf-dist/tex/generic/pgf/math/pgfmathutil.code.tex) (/usr/share/texlive/texmf-dist/tex/generic/pgf/math/pgfmathparser.code.tex
\pgfmath@dimen=\dimen129
\pgfmath@count=\count120
\pgfmath@box=\box31
\pgfmath@toks=\toks34
\pgfmath@stack@operand=\toks35
\pgfmath@stack@operation=\toks36
) (/usr/share/texlive/texmf-dist/tex/generic/pgf/math/pgfmathfunctions.code.tex (/usr/share/texlive/texmf-dist/tex/generic/pgf/math/pgfmathfunctions.basic.code.tex) (/usr/share/texlive/texmf-dist/tex/generic/pgf/math/pgfmathfunctions.trigonometric.code.tex) (/usr/share/texlive/texmf-dist/tex/generic/pgf/math/pgfmathfunctions.random.code.tex) (/usr/share/texlive/texmf-dist/tex/generic/pgf/math/pgfmathfunctions.comparison.code.tex) (/usr/share/texlive/texmf-dist/tex/generic/pgf/math/pgfmathfunctions.base.code.tex) (/usr/share/texlive/texmf-dist/tex/generic/pgf/math/pgfmathfunctions.round.code.tex) (/usr/share/texlive/texmf-dist/tex/generic/pgf/math/pgfmathfunctions.misc.code.tex) (/usr/share/texlive/texmf-dist/tex/generic/pgf/math/pgfmathfunctions.integerarithmetics.code.tex))) (/usr/share/texlive/texmf-dist/tex/generic/pgf/math/pgfmathfloat.code.tex
\c@pgfmathroundto@lastzeros=\count121
)) (/usr/share/texlive/texmf-dist/tex/generic/pgf/basiclayer/pgfcorepoints.code.tex
File: pgfcorepoints.code.tex 2013/10/07  (rcs-revision 1.27)
\pgf@picminx=\dimen130
\pgf@picmaxx=\dimen131
\pgf@picminy=\dimen132
\pgf@picmaxy=\dimen133
\pgf@pathminx=\dimen134
\pgf@pathmaxx=\dimen135
\pgf@pathminy=\dimen136
\pgf@pathmaxy=\dimen137
\pgf@xx=\dimen138
\pgf@xy=\dimen139
\pgf@yx=\dimen140
\pgf@yy=\dimen141
\pgf@zx=\dimen142
\pgf@zy=\dimen143
) (/usr/share/texlive/texmf-dist/tex/generic/pgf/basiclayer/pgfcorepathconstruct.code.tex
File: pgfcorepathconstruct.code.tex 2013/10/07  (rcs-revision 1.29)
\pgf@path@lastx=\dimen144
\pgf@path@lasty=\dimen145
) (/usr/share/texlive/texmf-dist/tex/generic/pgf/basiclayer/pgfcorepathusage.code.tex
File: pgfcorepathusage.code.tex 2014/11/02  (rcs-revision 1.24)
\pgf@shorten@end@additional=\dimen146
\pgf@shorten@start@additional=\dimen147
) (/usr/share/texlive/texmf-dist/tex/generic/pgf/basiclayer/pgfcorescopes.code.tex
File: pgfcorescopes.code.tex 2015/05/08  (rcs-revision 1.46)
\pgfpic=\box32
\pgf@hbox=\box33
\pgf@layerbox@main=\box34
\pgf@picture@serial@count=\count122
) (/usr/share/texlive/texmf-dist/tex/generic/pgf/basiclayer/pgfcoregraphicstate.code.tex
File: pgfcoregraphicstate.code.tex 2014/11/02  (rcs-revision 1.12)
\pgflinewidth=\dimen148
) (/usr/share/texlive/texmf-dist/tex/generic/pgf/basiclayer/pgfcoretransformations.code.tex
File: pgfcoretransformations.code.tex 2015/08/07  (rcs-revision 1.20)
\pgf@pt@x=\dimen149
\pgf@pt@y=\dimen150
\pgf@pt@temp=\dimen151
) (/usr/share/texlive/texmf-dist/tex/generic/pgf/basiclayer/pgfcorequick.code.tex
File: pgfcorequick.code.tex 2008/10/09  (rcs-revision 1.3)
) (/usr/share/texlive/texmf-dist/tex/generic/pgf/basiclayer/pgfcoreobjects.code.tex
File: pgfcoreobjects.code.tex 2006/10/11  (rcs-revision 1.2)
) (/usr/share/texlive/texmf-dist/tex/generic/pgf/basiclayer/pgfcorepathprocessing.code.tex
File: pgfcorepathprocessing.code.tex 2013/09/09  (rcs-revision 1.9)
) (/usr/share/texlive/texmf-dist/tex/generic/pgf/basiclayer/pgfcorearrows.code.tex
File: pgfcorearrows.code.tex 2015/05/14  (rcs-revision 1.43)
\pgfarrowsep=\dimen152
) (/usr/share/texlive/texmf-dist/tex/generic/pgf/basiclayer/pgfcoreshade.code.tex
File: pgfcoreshade.code.tex 2013/07/15  (rcs-revision 1.15)
\pgf@max=\dimen153
\pgf@sys@shading@range@num=\count123
) (/usr/share/texlive/texmf-dist/tex/generic/pgf/basiclayer/pgfcoreimage.code.tex
File: pgfcoreimage.code.tex 2013/07/15  (rcs-revision 1.18)
 (/usr/share/texlive/texmf-dist/tex/generic/pgf/basiclayer/pgfcoreexternal.code.tex
File: pgfcoreexternal.code.tex 2014/07/09  (rcs-revision 1.21)
\pgfexternal@startupbox=\box35
)) (/usr/share/texlive/texmf-dist/tex/generic/pgf/basiclayer/pgfcorelayers.code.tex
File: pgfcorelayers.code.tex 2013/07/18  (rcs-revision 1.7)
) (/usr/share/texlive/texmf-dist/tex/generic/pgf/basiclayer/pgfcoretransparency.code.tex
File: pgfcoretransparency.code.tex 2013/09/30  (rcs-revision 1.5)
) (/usr/share/texlive/texmf-dist/tex/generic/pgf/basiclayer/pgfcorepatterns.code.tex
File: pgfcorepatterns.code.tex 2013/11/07  (rcs-revision 1.5)
))) (/usr/share/texlive/texmf-dist/tex/generic/pgf/modules/pgfmoduleshapes.code.tex
File: pgfmoduleshapes.code.tex 2014/03/21  (rcs-revision 1.35)
\pgfnodeparttextbox=\box36
) (/usr/share/texlive/texmf-dist/tex/generic/pgf/modules/pgfmoduleplot.code.tex
File: pgfmoduleplot.code.tex 2015/08/03  (rcs-revision 1.13)
) (/usr/share/texlive/texmf-dist/tex/latex/pgf/compatibility/pgfcomp-version-0-65.sty
Package: pgfcomp-version-0-65 2007/07/03 v3.0.1a (rcs-revision 1.7)
\pgf@nodesepstart=\dimen154
\pgf@nodesepend=\dimen155
) (/usr/share/texlive/texmf-dist/tex/latex/pgf/compatibility/pgfcomp-version-1-18.sty
Package: pgfcomp-version-1-18 2007/07/23 v3.0.1a (rcs-revision 1.1)
)) (/usr/share/texlive/texmf-dist/tex/latex/pgf/utilities/pgffor.sty (/usr/share/texlive/texmf-dist/tex/latex/pgf/utilities/pgfkeys.sty (/usr/share/texlive/texmf-dist/tex/generic/pgf/utilities/pgfkeys.code.tex)) (/usr/share/texlive/texmf-dist/tex/latex/pgf/math/pgfmath.sty (/usr/share/texlive/texmf-dist/tex/generic/pgf/math/pgfmath.code.tex)) (/usr/share/texlive/texmf-dist/tex/generic/pgf/utilities/pgffor.code.tex
Package: pgffor 2013/12/13 v3.0.1a (rcs-revision 1.25)
 (/usr/share/texlive/texmf-dist/tex/generic/pgf/math/pgfmath.code.tex)
\pgffor@iter=\dimen156
\pgffor@skip=\dimen157
\pgffor@stack=\toks37
\pgffor@toks=\toks38
)) (/usr/share/texlive/texmf-dist/tex/generic/pgf/frontendlayer/tikz/tikz.code.tex
Package: tikz 2015/08/07 v3.0.1a (rcs-revision 1.151)
 (/usr/share/texlive/texmf-dist/tex/generic/pgf/libraries/pgflibraryplothandlers.code.tex
File: pgflibraryplothandlers.code.tex 2013/08/31 v3.0.1a (rcs-revision 1.20)
\pgf@plot@mark@count=\count124
\pgfplotmarksize=\dimen158
)
\tikz@lastx=\dimen159
\tikz@lasty=\dimen160
\tikz@lastxsaved=\dimen161
\tikz@lastysaved=\dimen162
\tikzleveldistance=\dimen163
\tikzsiblingdistance=\dimen164
\tikz@figbox=\box37
\tikz@figbox@bg=\box38
\tikz@tempbox=\box39
\tikz@tempbox@bg=\box40
\tikztreelevel=\count125
\tikznumberofchildren=\count126
\tikznumberofcurrentchild=\count127
\tikz@fig@count=\count128
 (/usr/share/texlive/texmf-dist/tex/generic/pgf/modules/pgfmodulematrix.code.tex
File: pgfmodulematrix.code.tex 2013/09/17  (rcs-revision 1.8)
\pgfmatrixcurrentrow=\count129
\pgfmatrixcurrentcolumn=\count130
\pgf@matrix@numberofcolumns=\count131
)
\tikz@expandcount=\count132
 (/usr/share/texlive/texmf-dist/tex/generic/pgf/frontendlayer/tikz/libraries/tikzlibrarytopaths.code.tex
File: tikzlibrarytopaths.code.tex 2008/06/17 v3.0.1a (rcs-revision 1.2)
))) (/usr/share/texlive/texmf-dist/tex/latex/tools/xspace.sty
Package: xspace 2014/10/28 v1.13 Space after command names (DPC,MH)
) (/usr/share/texlive/texmf-dist/tex/latex/tools/indentfirst.sty
Package: indentfirst 1995/11/23 v1.03 Indent first paragraph (DPC)
) (/home/lucajett/Desktop/UNI/App Mobili/Tesi.aux)
\openout1 = `Tesi.aux'.

LaTeX Font Info:    Checking defaults for OML/cmm/m/it on input line 17.
LaTeX Font Info:    ... okay on input line 17.
LaTeX Font Info:    Checking defaults for T1/cmr/m/n on input line 17.
LaTeX Font Info:    ... okay on input line 17.
LaTeX Font Info:    Checking defaults for OT1/cmr/m/n on input line 17.
LaTeX Font Info:    ... okay on input line 17.
LaTeX Font Info:    Checking defaults for OMS/cmsy/m/n on input line 17.
LaTeX Font Info:    ... okay on input line 17.
LaTeX Font Info:    Checking defaults for OMX/cmex/m/n on input line 17.
LaTeX Font Info:    ... okay on input line 17.
LaTeX Font Info:    Checking defaults for U/cmr/m/n on input line 17.
LaTeX Font Info:    ... okay on input line 17.
LaTeX Info: Redefining \it@ocap on input line 17.
LaTeX Info: Redefining \it@ccap on input line 17.


File italian.ldf warning: 
italian.ldf    With OT1 encoding guillemets are poorly faked
italian.ldf    Use T1 encoding
italian.ldf    or specify a font with command \CaporaliFrom
italian.ldf    See the documentation concerning the babel-italian typesetting 
italian.ldf    on input line 17.

(/usr/share/texlive/texmf-dist/tex/context/base/mkii/supp-pdf.mkii
[Loading MPS to PDF converter (version 2006.09.02).]
\scratchcounter=\count133
\scratchdimen=\dimen165
\scratchbox=\box41
\nofMPsegments=\count134
\nofMParguments=\count135
\everyMPshowfont=\toks39
\MPscratchCnt=\count136
\MPscratchDim=\dimen166
\MPnumerator=\count137
\makeMPintoPDFobject=\count138
\everyMPtoPDFconversion=\toks40
) (/usr/share/texlive/texmf-dist/tex/latex/oberdiek/epstopdf-base.sty
Package: epstopdf-base 2016/05/15 v2.6 Base part for package epstopdf
 (/usr/share/texlive/texmf-dist/tex/generic/oberdiek/infwarerr.sty
Package: infwarerr 2016/05/16 v1.4 Providing info/warning/error messages (HO)
) (/usr/share/texlive/texmf-dist/tex/latex/oberdiek/grfext.sty
Package: grfext 2016/05/16 v1.2 Manage graphics extensions (HO)
 (/usr/share/texlive/texmf-dist/tex/generic/oberdiek/kvdefinekeys.sty
Package: kvdefinekeys 2016/05/16 v1.4 Define keys (HO)
 (/usr/share/texlive/texmf-dist/tex/generic/oberdiek/ltxcmds.sty
Package: ltxcmds 2016/05/16 v1.23 LaTeX kernel commands for general use (HO)
))) (/usr/share/texlive/texmf-dist/tex/latex/oberdiek/kvoptions.sty
Package: kvoptions 2016/05/16 v3.12 Key value format for package options (HO)
 (/usr/share/texlive/texmf-dist/tex/generic/oberdiek/kvsetkeys.sty
Package: kvsetkeys 2016/05/16 v1.17 Key value parser (HO)
 (/usr/share/texlive/texmf-dist/tex/generic/oberdiek/etexcmds.sty
Package: etexcmds 2016/05/16 v1.6 Avoid name clashes with e-TeX commands (HO)
 (/usr/share/texlive/texmf-dist/tex/generic/oberdiek/ifluatex.sty
Package: ifluatex 2016/05/16 v1.4 Provides the ifluatex switch (HO)
Package ifluatex Info: LuaTeX not detected.
)
Package etexcmds Info: Could not find \expanded.
(etexcmds)             That can mean that you are not using pdfTeX 1.50 or
(etexcmds)             that some package has redefined \expanded.
(etexcmds)             In the latter case, load this package earlier.
))) (/usr/share/texlive/texmf-dist/tex/generic/oberdiek/pdftexcmds.sty
Package: pdftexcmds 2018/01/21 v0.26 Utility functions of pdfTeX for LuaTeX (HO)
 (/usr/share/texlive/texmf-dist/tex/generic/oberdiek/ifpdf.sty
Package: ifpdf 2017/03/15 v3.2 Provides the ifpdf switch
)
Package pdftexcmds Info: LuaTeX not detected.
Package pdftexcmds Info: \pdf@primitive is available.
Package pdftexcmds Info: \pdf@ifprimitive is available.
Package pdftexcmds Info: \pdfdraftmode found.
)
Package epstopdf-base Info: Redefining graphics rule for `.eps' on input line 438.
Package grfext Info: Graphics extension search list:
(grfext)             [.pdf,.png,.jpg,.mps,.jpeg,.jbig2,.jb2,.PDF,.PNG,.JPG,.JPEG,.JBIG2,.JB2,.eps]
(grfext)             \AppendGraphicsExtensions on input line 456.
 (/usr/share/texlive/texmf-dist/tex/latex/latexconfig/epstopdf-sys.cfg
File: epstopdf-sys.cfg 2010/07/13 v1.3 Configuration of (r)epstopdf for TeX Live
))
\c@lstlisting=\count139
 ABD: EveryShipout initializing macros
LaTeX Font Info:    Try loading font information for U+lasy on input line 21.
 (/usr/share/texlive/texmf-dist/tex/latex/base/ulasy.fd
File: ulasy.fd 1998/08/17 v2.2e LaTeX symbol font definitions
)
LaTeX Font Info:    Try loading font information for U+msa on input line 21.
 (/usr/share/texlive/texmf-dist/tex/latex/amsfonts/umsa.fd
File: umsa.fd 2013/01/14 v3.01 AMS symbols A
)
LaTeX Font Info:    Try loading font information for U+msb on input line 21.
 (/usr/share/texlive/texmf-dist/tex/latex/amsfonts/umsb.fd
File: umsb.fd 2013/01/14 v3.01 AMS symbols B
)
Underfull \hbox (badness 10000) in paragraph at lines 37--46

 []


Underfull \hbox (badness 10000) in paragraph at lines 37--46

 []

[1

{/var/lib/texmf/fonts/map/pdftex/updmap/pdftex.map}]
Missing character: There is no Ã in font cmr12!
Missing character: There is no ¨ in font cmr12!
Missing character: There is no Ã in font cmr12!
Missing character: There is no ¨ in font cmr12!
Missing character: There is no Ã in font cmr12!
Missing character: There is no ¨ in font cmr12!
Missing character: There is no Ã in font cmr12!
Missing character: There is no ¨ in font cmr12!
Missing character: There is no Ã in font cmr12!
Missing character: There is no   in font cmr12!
Missing character: There is no Ã in font cmr12!
Missing character: There is no   in font cmr12!
Missing character: There is no â in font cmr12!
Missing character: There is no € in font cmr12!
Missing character: There is no ™ in font cmr12!
Missing character: There is no Ã in font cmr12!
Missing character: There is no ² in font cmr12!
Missing character: There is no Ã in font cmr12!
Missing character: There is no   in font cmr12!
Missing character: There is no Ã in font cmr12!
Missing character: There is no   in font cmr12!
Missing character: There is no â in font cmr12!
Missing character: There is no € in font cmr12!
Missing character: There is no ™ in font cmr12!
Missing character: There is no Ã in font cmr12!
Missing character: There is no   in font cmr12!
Missing character: There is no â in font cmr12!
Missing character: There is no € in font cmr12!
Missing character: There is no ™ in font cmr12!
Missing character: There is no â in font cmr12!
Missing character: There is no € in font cmr12!
Missing character: There is no ™ in font cmr12!
Missing character: There is no Ã in font cmr12!
Missing character: There is no ¨ in font cmr12!
Missing character: There is no Ã in font cmr12!
Missing character: There is no ¨ in font cmr12!
LaTeX Font Info:    Try loading font information for OMS+cmr on input line 68.
 (/usr/share/texlive/texmf-dist/tex/latex/base/omscmr.fd
File: omscmr.fd 2014/09/29 v2.5h Standard LaTeX font definitions
)
LaTeX Font Info:    Font shape `OMS/cmr/m/n' in size <12> not available
(Font)              Font shape `OMS/cmsy/m/n' tried instead on input line 68.
Missing character: There is no Ã in font cmr12!
Missing character: There is no ¨ in font cmr12!
 [1

]
No file Tesi.toc.
\tf@toc=\write4
\openout4 = `Tesi.toc'.

[2

]
Capitolo 1.
Missing character: There is no Ã in font cmr12!
Missing character: There is no   in font cmr12!
Missing character: There is no Ã in font cmr12!
Missing character: There is no ¨ in font cmr12!
Missing character: There is no Ã in font cmr12!
Missing character: There is no ² in font cmr12!
Missing character: There is no Ã in font cmr12!
Missing character: There is no   in font cmr12!
Missing character: There is no â in font cmr12!
Missing character: There is no € in font cmr12!
Missing character: There is no ™ in font cmr12!
Missing character: There is no Ã in font cmr12!
Missing character: There is no   in font cmr12!
Missing character: There is no Ã in font cmr12!
Missing character: There is no   in font cmr12!
Missing character: There is no Ã in font cmr12!
Missing character: There is no ¨ in font cmr12!
Missing character: There is no â in font cmr12!
Missing character: There is no € in font cmr12!
Missing character: There is no ™ in font cmr12!
Missing character: There is no â in font cmr12!
Missing character: There is no € in font cmr12!
Missing character: There is no ™ in font cmr12!
Missing character: There is no â in font cmr12!
Missing character: There is no € in font cmr12!
Missing character: There is no ™ in font cmr12!
Missing character: There is no Ã in font cmr12!
Missing character: There is no   in font cmr12!
Missing character: There is no Ã in font cmr12!
Missing character: There is no ¬ in font cmr12!
Missing character: There is no â in font cmr12!
Missing character: There is no € in font cmr12!
Missing character: There is no ™ in font cmr12!
Missing character: There is no Ã in font cmr12!
Missing character: There is no   in font cmr12!
Missing character: There is no Ã in font cmr12!
Missing character: There is no   in font cmr12!
Missing character: There is no Ã in font cmr12!
Missing character: There is no ¨ in font cmr12!
Missing character: There is no Ã in font cmr12!
Missing character: There is no   in font cmr12!
Missing character: There is no Ã in font cmr12!
Missing character: There is no   in font cmr12!
Missing character: There is no â in font cmr12!
Missing character: There is no € in font cmr12!
Missing character: There is no ™ in font cmr12!
Missing character: There is no â in font cmr12!
Missing character: There is no € in font cmr12!
Missing character: There is no ™ in font cmr12!
Missing character: There is no Ã in font cmr12!
Missing character: There is no   in font cmr12!
Missing character: There is no Ã in font cmr12!
Missing character: There is no   in font cmr12!
Missing character: There is no â in font cmr12!
Missing character: There is no € in font cmr12!
Missing character: There is no ™ in font cmr12!
Missing character: There is no Ã in font cmr12!
Missing character: There is no   in font cmr12!
Missing character: There is no Ã in font cmr12!
Missing character: There is no   in font cmr12!
Missing character: There is no â in font cmr12!
Missing character: There is no € in font cmr12!
Missing character: There is no ™ in font cmr12!
Missing character: There is no Ã in font cmr12!
Missing character: There is no ¹ in font cmr12!
Missing character: There is no â in font cmr12!
Missing character: There is no € in font cmr12!
Missing character: There is no ™ in font cmr12!
Missing character: There is no â in font cmr12!
Missing character: There is no € in font cmr12!
Missing character: There is no ™ in font cmr12!
Missing character: There is no â in font cmr12!
Missing character: There is no € in font cmr12!
Missing character: There is no ™ in font cmr12!
Missing character: There is no Ã in font cmr12!
Missing character: There is no ¨ in font cmr12!
Missing character: There is no Ã in font cmr12!
Missing character: There is no ¨ in font cmr12!
[3

] [4]
Capitolo 2.
Missing character: There is no Ã in font cmr12!
Missing character: There is no ¨ in font cmr12!
Missing character: There is no Ã in font cmr12!
Missing character: There is no ¨ in font cmr12!
Missing character: There is no Ã in font cmr12!
Missing character: There is no ¨ in font cmr12!
Missing character: There is no â in font cmr12!
Missing character: There is no € in font cmr12!
Missing character: There is no ™ in font cmr12!
Missing character: There is no Ã in font cmr12!
Missing character: There is no ¨ in font cmr12!
Missing character: There is no Ã in font cmr12!
Missing character: There is no ¹ in font cmr12!
Missing character: There is no Ã in font cmr12!
Missing character: There is no ¹ in font cmr12!
Missing character: There is no Ã in font cmr12!
Missing character: There is no ¨ in font cmr12!
Missing character: There is no Ã in font cmr12!
Missing character: There is no ² in font cmr12!
Missing character: There is no Ã in font cmr12!
Missing character: There is no   in font cmr12!
Missing character: There is no Ã in font cmr12!
Missing character: There is no   in font cmr12!
[5

]
Missing character: There is no Ã in font cmr12!
Missing character: There is no ² in font cmr12!
Missing character: There is no â in font cmr12!
Missing character: There is no € in font cmr12!
Missing character: There is no ™ in font cmr12!
Missing character: There is no Ã in font cmr12!
Missing character: There is no ¨ in font cmr12!
Missing character: There is no Ã in font cmr12!
Missing character: There is no ¨ in font cmr12!
Missing character: There is no â in font cmr12!
Missing character: There is no € in font cmr12!
Missing character: There is no ™ in font cmr12!
Missing character: There is no Ã in font cmr12!
Missing character: There is no   in font cmr12!
Missing character: There is no Ã in font cmr12!
Missing character: There is no ¹ in font cmr12!
Missing character: There is no Ã in font cmr12!
Missing character: There is no ˆ in font cmr12!
Missing character: There is no Ã in font cmr12!
Missing character: There is no ¨ in font cmr12!
Missing character: There is no Ã in font cmr12!
Missing character: There is no ¨ in font cmr12!
Missing character: There is no Ã in font cmr12!
Missing character: There is no ¨ in font cmr12!
 [6]
Missing character: There is no Ã in font cmr12!
Missing character: There is no   in font cmr12!
Missing character: There is no Ã in font cmr12!
Missing character: There is no ¨ in font cmr12!
Missing character: There is no Ã in font cmr12!
Missing character: There is no ¨ in font cmr12!
Missing character: There is no Ã in font cmr12!
Missing character: There is no ¹ in font cmr12!
Missing character: There is no Ã in font cmr12!
Missing character: There is no ¹ in font cmr12!
Missing character: There is no Ã in font cmr12!
Missing character: There is no ¨ in font cmr12!
Missing character: There is no Ã in font cmr12!
Missing character: There is no ¨ in font cmr12!
Missing character: There is no Ã in font cmr12!
Missing character: There is no   in font cmr12!
Missing character: There is no â in font cmr12!
Missing character: There is no € in font cmr12!
Missing character: There is no ™ in font cmr12!
Missing character: There is no Ã in font cmr12!
Missing character: There is no   in font cmr12!
Missing character: There is no Ã in font cmr12!
Missing character: There is no   in font cmr12!
Missing character: There is no â in font cmr12!
Missing character: There is no € in font cmr12!
Missing character: There is no ™ in font cmr12!

Underfull \hbox (badness 10000) in paragraph at lines 126--130

 []

Missing character: There is no â in font cmr12!
Missing character: There is no € in font cmr12!
Missing character: There is no ™ in font cmr12!
Missing character: There is no Ã in font cmr12!
Missing character: There is no   in font cmr12!
Missing character: There is no Ã in font cmr12!
Missing character: There is no ² in font cmr12!
Missing character: There is no Ã in font cmr12!
Missing character: There is no   in font cmr12!
Missing character: There is no Ã in font cmr12!
Missing character: There is no ² in font cmr12!
Missing character: There is no Ã in font cmr12!
Missing character: There is no ² in font cmr12!
Missing character: There is no Ã in font cmr12!
Missing character: There is no ² in font cmr12!
[7]
Missing character: There is no Ã in font cmr12!
Missing character: There is no © in font cmr12!
Missing character: There is no Ã in font cmr12!
Missing character: There is no ¨ in font cmr12!
Missing character: There is no Ã in font cmr12!
Missing character: There is no ¨ in font cmr12!
Missing character: There is no Ã in font cmbx12!
Missing character: There is no   in font cmbx12!
Missing character: There is no Ã in font cmr12!
Missing character: There is no   in font cmr12!
Missing character: There is no Ã in font cmr12!
Missing character: There is no ² in font cmr12!
Missing character: There is no Ã in font cmr12!
Missing character: There is no   in font cmr12!
Missing character: There is no Ã in font cmr12!
Missing character: There is no ¨ in font cmr12!
Missing character: There is no Ã in font cmr12!
Missing character: There is no ¹ in font cmr12!
Missing character: There is no Ã in font cmr12!
Missing character: There is no ¨ in font cmr12!
Missing character: There is no Ã in font cmr12!
Missing character: There is no ¹ in font cmr12!
Missing character: There is no Ã in font cmr12!
Missing character: There is no ¹ in font cmr12!
Missing character: There is no Ã in font cmr12!
Missing character: There is no ¹ in font cmr12!
Missing character: There is no Ã in font cmr12!
Missing character: There is no ¨ in font cmr12!
Missing character: There is no Ã in font cmr12!
Missing character: There is no ¨ in font cmr12!
Missing character: There is no Ã in font cmr12!
Missing character: There is no ¨ in font cmr12!
Missing character: There is no Ã in font cmr12!
Missing character: There is no ¹ in font cmr12!

Underfull \hbox (badness 10000) in paragraph at lines 153--158

 []

[8]
Missing character: There is no Ã in font cmr12!
Missing character: There is no ¨ in font cmr12!
Missing character: There is no Ã in font cmr12!
Missing character: There is no © in font cmr12!
Missing character: There is no Ã in font cmr12!
Missing character: There is no ¨ in font cmr12!
Missing character: There is no Ã in font cmr12!
Missing character: There is no   in font cmr12!
Missing character: There is no Ã in font cmr12!
Missing character: There is no ¨ in font cmr12!
Missing character: There is no Ã in font cmr12!
Missing character: There is no ¨ in font cmr12!
Missing character: There is no Ã in font cmr12!
Missing character: There is no   in font cmr12!
Missing character: There is no Ã in font cmr12!
Missing character: There is no ¨ in font cmr12!
Missing character: There is no Ã in font cmr12!
Missing character: There is no © in font cmr12!
Missing character: There is no Ã in font cmr12!
Missing character: There is no ¨ in font cmr12!

Underfull \hbox (badness 10000) in paragraph at lines 160--166

 []

Missing character: There is no Ã in font cmr12!
Missing character: There is no ¨ in font cmr12!
Missing character: There is no Ã in font cmr12!
Missing character: There is no ¹ in font cmr12!
Missing character: There is no Ã in font cmr12!
Missing character: There is no ¨ in font cmr12!
Missing character: There is no Ã in font cmr12!
Missing character: There is no ¹ in font cmr12!
Missing character: There is no Ã in font cmr12!
Missing character: There is no ¹ in font cmr12!
Missing character: There is no Ã in font cmr12!
Missing character: There is no © in font cmr12!
[9]
Missing character: There is no Ã in font cmr12!
Missing character: There is no ¹ in font cmr12!
Missing character: There is no Ã in font cmr12!
Missing character: There is no ¨ in font cmr12!
Missing character: There is no Ã in font cmr12!
Missing character: There is no © in font cmr12!
Missing character: There is no Ã in font cmr12!
Missing character: There is no ¨ in font cmr12!
Missing character: There is no Ã in font cmr12!
Missing character: There is no ¹ in font cmr12!
Missing character: There is no Ã in font cmr12!
Missing character: There is no ¨ in font cmr12!
Missing character: There is no Ã in font cmr12!
Missing character: There is no ¨ in font cmr12!
Missing character: There is no Ã in font cmr12!
Missing character: There is no ² in font cmr12!
Missing character: There is no â in font cmr12!
Missing character: There is no € in font cmr12!
Missing character: There is no ™ in font cmr12!


/home/lucajett/Desktop/UNI/App Mobili/Tesi.tex:194: LaTeX Error: File `Encoder-Decoder' not found.

See the LaTeX manual or LaTeX Companion for explanation.
Type  H <return>  for immediate help.
 ...                                              
                                                  
l.194 ...ght=7cm,keepaspectratio]{Encoder-Decoder}
                                                  
I could not locate the file with any of these extensions:
.pdf,.png,.jpg,.mps,.jpeg,.jbig2,.jb2,.PDF,.PNG,.JPG,.JPEG,.JBIG2,.JB2,.eps
Try typing  <return>  to proceed.
If that doesn't work, type  X <return>  to quit.

[10]
Missing character: There is no Ã in font cmr12!
Missing character: There is no ¨ in font cmr12!
Missing character: There is no Ã in font cmr12!
Missing character: There is no ¹ in font cmr12!
Missing character: There is no Ã in font cmr12!
Missing character: There is no ¨ in font cmr12!
Missing character: There is no Ã in font cmr12!
Missing character: There is no   in font cmr12!
Missing character: There is no Ã in font cmr12!
Missing character: There is no ² in font cmr12!


/home/lucajett/Desktop/UNI/App Mobili/Tesi.tex:203: LaTeX Error: File `LSTM' not found.

See the LaTeX manual or LaTeX Companion for explanation.
Type  H <return>  for immediate help.
 ...                                              
                                                  
l.203 ...dth=7cm,height=7cm,keepaspectratio]{LSTM}
                                                  
I could not locate the file with any of these extensions:
.pdf,.png,.jpg,.mps,.jpeg,.jbig2,.jb2,.PDF,.PNG,.JPG,.JPEG,.JBIG2,.JB2,.eps
Try typing  <return>  to proceed.
If that doesn't work, type  X <return>  to quit.

Missing character: There is no Ã in font cmr12!
Missing character: There is no   in font cmr12!
Missing character: There is no Ã in font cmr12!
Missing character: There is no © in font cmr12!
Missing character: There is no Ã in font cmr12!
Missing character: There is no ¹ in font cmr12!
Missing character: There is no Ã in font cmr12!
Missing character: There is no ² in font cmr12!
Missing character: There is no Ã in font cmr12!
Missing character: There is no ¹ in font cmr12!
Missing character: There is no Ã in font cmr12!
Missing character: There is no   in font cmr12!
Missing character: There is no Ã in font cmr12!
Missing character: There is no ¨ in font cmr12!
Missing character: There is no Ã in font cmr12!
Missing character: There is no ¨ in font cmr12!
Missing character: There is no Ã in font cmr12!
Missing character: There is no ¨ in font cmr12!
Missing character: There is no Ã in font cmr12!
Missing character: There is no ¹ in font cmr12!
Missing character: There is no â in font cmr12!
Missing character: There is no € in font cmr12!
Missing character: There is no ™ in font cmr12!
[11]
Missing character: There is no Ã in font cmr12!
Missing character: There is no ¨ in font cmr12!
Missing character: There is no Ã in font cmr12!
Missing character: There is no ¨ in font cmr12!
Missing character: There is no Ã in font cmr12!
Missing character: There is no   in font cmr12!
Missing character: There is no Ã in font cmr12!
Missing character: There is no   in font cmr12!
Missing character: There is no Ã in font cmr12!
Missing character: There is no ² in font cmr12!
Missing character: There is no Ã in font cmr12!
Missing character: There is no   in font cmr12!
Missing character: There is no â in font cmr12!
Missing character: There is no € in font cmr12!
Missing character: There is no ¦ in font cmr12!


/home/lucajett/Desktop/UNI/App Mobili/Tesi.tex:232: LaTeX Error: File `diagram_LSTM' not found.

See the LaTeX manual or LaTeX Companion for explanation.
Type  H <return>  for immediate help.
 ...                                              
                                                  
l.232 ...height=7cm,keepaspectratio]{diagram_LSTM}
                                                  
I could not locate the file with any of these extensions:
.pdf,.png,.jpg,.mps,.jpeg,.jbig2,.jb2,.PDF,.PNG,.JPG,.JPEG,.JBIG2,.JB2,.eps
Try typing  <return>  to proceed.
If that doesn't work, type  X <return>  to quit.

Missing character: There is no Ã in font cmr12!
Missing character: There is no   in font cmr12!
Missing character: There is no Ã in font cmbx12!
Missing character: There is no   in font cmbx12!
Missing character: There is no Ã in font cmr12!
Missing character: There is no ¨ in font cmr12!
Missing character: There is no â in font cmr12!
Missing character: There is no € in font cmr12!
Missing character: There is no ™ in font cmr12!
Missing character: There is no Ã in font cmr12!
Missing character: There is no © in font cmr12!
[12]
Missing character: There is no Ã in font cmbx12!
Missing character: There is no   in font cmbx12!
Missing character: There is no Ã in font cmr12!
Missing character: There is no ¨ in font cmr12!
Missing character: There is no â in font cmr12!
Missing character: There is no € in font cmr12!
Missing character: There is no ™ in font cmr12!
Missing character: There is no Ã in font cmr12!
Missing character: There is no   in font cmr12!
Missing character: There is no Ã in font cmr12!
Missing character: There is no ¨ in font cmr12!
Missing character: There is no Ã in font cmr12!
Missing character: There is no ¹ in font cmr12!
Missing character: There is no Ã in font cmbx12!
Missing character: There is no   in font cmbx12!
Missing character: There is no Ã in font cmr12!
Missing character: There is no ¨ in font cmr12!
Missing character: There is no â in font cmr12!
Missing character: There is no € in font cmr12!
Missing character: There is no ™ in font cmr12!
Missing character: There is no Ã in font cmbx12!
Missing character: There is no   in font cmbx12!
Missing character: There is no Ã in font cmr12!
Missing character: There is no ˆ in font cmr12!
Missing character: There is no Ã in font cmr12!
Missing character: There is no   in font cmr12!
 [13]
Missing character: There is no Ã in font cmr12!
Missing character: There is no ¨ in font cmr12!
Missing character: There is no Ã in font cmr12!
Missing character: There is no ¨ in font cmr12!
Missing character: There is no Ã in font cmr12!
Missing character: There is no ¨ in font cmr12!
Missing character: There is no Ã in font cmr12!
Missing character: There is no ¨ in font cmr12!
Missing character: There is no Ã in font cmr12!
Missing character: There is no ² in font cmr12!
Missing character: There is no Ã in font cmr12!
Missing character: There is no ² in font cmr12!
Missing character: There is no Ã in font cmr12!
Missing character: There is no ¨ in font cmr12!
 [14]
Capitolo 3.
Missing character: There is no Ã in font cmr12!
Missing character: There is no ¨ in font cmr12!
Missing character: There is no Ã in font cmr12!
Missing character: There is no   in font cmr12!
Missing character: There is no Ã in font cmr12!
Missing character: There is no © in font cmr12!
Missing character: There is no Ã in font cmr12!
Missing character: There is no ¹ in font cmr12!
Missing character: There is no Ã in font cmr12!
Missing character: There is no   in font cmr12!
Missing character: There is no Ã in font cmr12!
Missing character: There is no ¹ in font cmr12!
Missing character: There is no Ã in font cmr12!
Missing character: There is no ¹ in font cmr12!
Missing character: There is no Ã in font cmr12!
Missing character: There is no   in font cmr12!
Missing character: There is no Ã in font cmr12!
Missing character: There is no ² in font cmr12!
Missing character: There is no Ã in font cmr12!
Missing character: There is no   in font cmr12!
Missing character: There is no Ã in font cmr12!
Missing character: There is no   in font cmr12!
[15

]
Missing character: There is no Ã in font cmr12!
Missing character: There is no   in font cmr12!
Missing character: There is no Ã in font cmr12!
Missing character: There is no   in font cmr12!
Missing character: There is no Ã in font cmr12!
Missing character: There is no ¨ in font cmr12!
Missing character: There is no Ã in font cmr12!
Missing character: There is no ¨ in font cmr12!
Missing character: There is no Ã in font cmr12!
Missing character: There is no ¨ in font cmr12!
 [16]
Missing character: There is no Ã in font cmr12!
Missing character: There is no ² in font cmr12!

Underfull \hbox (badness 10000) in paragraph at lines 321--324

 []

Missing character: There is no Ã in font cmr12!
Missing character: There is no ² in font cmr12!
Missing character: There is no Ã in font cmr12!
Missing character: There is no   in font cmr12!
Missing character: There is no Ã in font cmr12!
Missing character: There is no ¨ in font cmr12!
Missing character: There is no Ã in font cmbx12!
Missing character: There is no   in font cmbx12!
Missing character: There is no Ã in font cmr12!
Missing character: There is no   in font cmr12!
[17]
Missing character: There is no Ã in font cmr12!
Missing character: There is no   in font cmr12!
Missing character: There is no Ã in font cmr12!
Missing character: There is no   in font cmr12!
Missing character: There is no Ã in font cmr12!
Missing character: There is no ² in font cmr12!
Missing character: There is no Ã in font cmr12!
Missing character: There is no   in font cmr12!
Missing character: There is no Ã in font cmr12!
Missing character: There is no ² in font cmr12!
Missing character: There is no Ã in font cmr12!
Missing character: There is no © in font cmr12!
Missing character: There is no Ã in font cmr12!
Missing character: There is no   in font cmr12!
Missing character: There is no Ã in font cmr12!
Missing character: There is no   in font cmr12!
Missing character: There is no Ã in font cmr12!
Missing character: There is no   in font cmr12!
Missing character: There is no Ã in font cmr12!
Missing character: There is no ¹ in font cmr12!

Overfull \hbox (4.39389pt too wide) in paragraph at lines 348--349
[]\OT1/cmr/m/n/12 Combinazione dei tre pre-ce-den-ti: i van-tag-gi del-le sin-go-le tec-ni-che di pre-elaborazione
 []

Missing character: There is no Ã in font cmr12!
Missing character: There is no ¨ in font cmr12!
Missing character: There is no Ã in font cmr12!
Missing character: There is no ² in font cmr12!
Missing character: There is no Ã in font cmr12!
Missing character: There is no ¨ in font cmr12!
Missing character: There is no Ã in font cmr12!
Missing character: There is no ¨ in font cmr12!
Missing character: There is no Ã in font cmr12!
Missing character: There is no ² in font cmr12!
Missing character: There is no Ã in font cmr12!
Missing character: There is no ¨ in font cmr12!
Missing character: There is no Ã in font cmr12!
Missing character: There is no ² in font cmr12!
Missing character: There is no Ã in font cmr12!
Missing character: There is no   in font cmr12!
[18]
Missing character: There is no Ã in font cmr12!
Missing character: There is no ¨ in font cmr12!
Missing character: There is no Ã in font cmr12!
Missing character: There is no ¨ in font cmr12!
Missing character: There is no Ã in font cmr12!
Missing character: There is no ¨ in font cmr12!
Missing character: There is no Ã in font cmr12!
Missing character: There is no   in font cmr12!
Missing character: There is no Ã in font cmr12!
Missing character: There is no   in font cmr12!
Missing character: There is no Ã in font cmr12!
Missing character: There is no   in font cmr12!
Missing character: There is no Ã in font cmr12!
Missing character: There is no ¨ in font cmr12!
Missing character: There is no Ã in font cmr12!
Missing character: There is no ¹ in font cmr12!
Missing character: There is no Ã in font cmr12!
Missing character: There is no ¨ in font cmr12!
Missing character: There is no Ã in font cmr12!
Missing character: There is no ¹ in font cmr12!
Missing character: There is no Ã in font cmr12!
Missing character: There is no ¨ in font cmr12!
 [19]
Missing character: There is no Ã in font cmr12!
Missing character: There is no ¨ in font cmr12!
Missing character: There is no Ã in font cmr12!
Missing character: There is no ¨ in font cmr12!
Missing character: There is no Ã in font cmr12!
Missing character: There is no ¨ in font cmr12!
Missing character: There is no Ã in font cmr12!
Missing character: There is no ¨ in font cmr12!
Missing character: There is no Ã in font cmr12!
Missing character: There is no ¨ in font cmr12!
Missing character: There is no Ã in font cmr12!
Missing character: There is no ¨ in font cmr12!
Missing character: There is no Ã in font cmr12!
Missing character: There is no ¨ in font cmr12!
Missing character: There is no Ã in font cmr12!
Missing character: There is no   in font cmr12!
Missing character: There is no Ã in font cmr12!
Missing character: There is no   in font cmr12!
Missing character: There is no Ã in font cmr12!
Missing character: There is no ¨ in font cmr12!
Missing character: There is no Ã in font cmr12!
Missing character: There is no   in font cmr12!
Missing character: There is no Ã in font cmr12!
Missing character: There is no ² in font cmr12!
Missing character: There is no Ã in font cmr12!
Missing character: There is no ¹ in font cmr12!
Missing character: There is no Ã in font cmr12!
Missing character: There is no ¨ in font cmr12!
Missing character: There is no Ã in font cmr12!
Missing character: There is no   in font cmr12!
Missing character: There is no Ã in font cmr12!
Missing character: There is no ¹ in font cmr12!
Missing character: There is no Ã in font cmr12!
Missing character: There is no ¹ in font cmr12!
Missing character: There is no Ã in font cmr12!
Missing character: There is no ¨ in font cmr12!
Missing character: There is no Ã in font cmr12!
Missing character: There is no ¨ in font cmr12!
Missing character: There is no Ã in font cmr12!
Missing character: There is no ¹ in font cmr12!
Missing character: There is no Ã in font cmr12!
Missing character: There is no ¨ in font cmr12!
Missing character: There is no Ã in font cmr12!
Missing character: There is no   in font cmr12!
Missing character: There is no Ã in font cmr12!
Missing character: There is no ¨ in font cmr12!
Missing character: There is no Ã in font cmr12!
Missing character: There is no ¨ in font cmr12!
Missing character: There is no Ã in font cmr12!
Missing character: There is no   in font cmr12!
Missing character: There is no Ã in font cmr12!
Missing character: There is no ¨ in font cmr12!
Missing character: There is no Ã in font cmr12!
Missing character: There is no ² in font cmr12!
Missing character: There is no Ã in font cmr12!
Missing character: There is no ¨ in font cmr12!
Missing character: There is no Ã in font cmr12!
Missing character: There is no ¨ in font cmr12!
 [20]
Missing character: There is no Ã in font cmr12!
Missing character: There is no ¨ in font cmr12!
Missing character: There is no Ã in font cmr12!
Missing character: There is no ¨ in font cmr12!
Missing character: There is no Ã in font cmr12!
Missing character: There is no ¨ in font cmr12!
Missing character: There is no Ã in font cmr12!
Missing character: There is no ¨ in font cmr12!
Missing character: There is no Ã in font cmr12!
Missing character: There is no   in font cmr12!
Missing character: There is no Ã in font cmr12!
Missing character: There is no ¨ in font cmr12!
Missing character: There is no Ã in font cmr12!
Missing character: There is no   in font cmr12!
Missing character: There is no Ã in font cmr12!
Missing character: There is no   in font cmr12!
Missing character: There is no Ã in font cmr12!
Missing character: There is no ¹ in font cmr12!
Missing character: There is no Ã in font cmr12!
Missing character: There is no ¹ in font cmr12!
Missing character: There is no Ã in font cmr12!
Missing character: There is no ¨ in font cmr12!
Missing character: There is no Ã in font cmr12!
Missing character: There is no   in font cmr12!
Missing character: There is no Ã in font cmr12!
Missing character: There is no   in font cmr12!
Missing character: There is no Ã in font cmr12!
Missing character: There is no ² in font cmr12!
Missing character: There is no Ã in font cmr12!
Missing character: There is no ¨ in font cmr12!
Missing character: There is no Ã in font cmr12!
Missing character: There is no   in font cmr12!
Missing character: There is no Ã in font cmr12!
Missing character: There is no ¨ in font cmr12!
Missing character: There is no Ã in font cmr12!
Missing character: There is no ¨ in font cmr12!
Missing character: There is no Ã in font cmr12!
Missing character: There is no ¨ in font cmr12!
Missing character: There is no Ã in font cmr12!
Missing character: There is no ˆ in font cmr12!
Missing character: There is no Ã in font cmr12!
Missing character: There is no   in font cmr12!
Missing character: There is no Ã in font cmr12!
Missing character: There is no ¨ in font cmr12!
Missing character: There is no Ã in font cmr12!
Missing character: There is no ¨ in font cmr12!
Missing character: There is no Ã in font cmr12!
Missing character: There is no ¨ in font cmr12!
Missing character: There is no Ã in font cmr12!
Missing character: There is no ¨ in font cmr12!
 [21]
Missing character: There is no Ã in font cmr12!
Missing character: There is no ¨ in font cmr12!
Missing character: There is no Ã in font cmr12!
Missing character: There is no ¨ in font cmr12!
Missing character: There is no Ã in font cmr12!
Missing character: There is no ¨ in font cmr12!
Missing character: There is no Ã in font cmr12!
Missing character: There is no © in font cmr12!
Missing character: There is no Ã in font cmr12!
Missing character: There is no   in font cmr12!
Missing character: There is no Ã in font cmr12!
Missing character: There is no ¨ in font cmr12!
Missing character: There is no Ã in font cmr12!
Missing character: There is no ¹ in font cmr12!
Missing character: There is no Ã in font cmr12!
Missing character: There is no ¹ in font cmr12!
Missing character: There is no Ã in font cmr12!
Missing character: There is no ¹ in font cmr12!
Missing character: There is no Ã in font cmr12!
Missing character: There is no ¨ in font cmr12!
Missing character: There is no Ã in font cmr12!
Missing character: There is no ¨ in font cmr12!
Missing character: There is no Ã in font cmr12!
Missing character: There is no ¨ in font cmr12!
Missing character: There is no Ã in font cmr12!
Missing character: There is no   in font cmr12!
Missing character: There is no Ã in font cmr12!
Missing character: There is no ¹ in font cmr12!
Missing character: There is no Ã in font cmr12!
Missing character: There is no ¨ in font cmr12!
Missing character: There is no Ã in font cmr12!
Missing character: There is no   in font cmr12!
Missing character: There is no Ã in font cmr12!
Missing character: There is no   in font cmr12!
Missing character: There is no Ã in font cmr12!
Missing character: There is no ¨ in font cmr12!
 [22]
Missing character: There is no Ã in font cmr12!
Missing character: There is no ¨ in font cmr12!
Missing character: There is no Ã in font cmr12!
Missing character: There is no ¨ in font cmr12!
Missing character: There is no Ã in font cmr12!
Missing character: There is no ¨ in font cmr12!
Missing character: There is no â in font cmr12!
Missing character: There is no € in font cmr12!
Missing character: There is no ™ in font cmr12!
Missing character: There is no â in font cmr12!
Missing character: There is no € in font cmr12!
Missing character: There is no ¦ in font cmr12!
Missing character: There is no Ã in font cmr12!
Missing character: There is no ¨ in font cmr12!
Missing character: There is no Ã in font cmr12!
Missing character: There is no ¨ in font cmr12!
Missing character: There is no Ã in font cmr12!
Missing character: There is no   in font cmr12!
Missing character: There is no Ã in font cmr12!
Missing character: There is no ¨ in font cmr12!
Missing character: There is no Ã in font cmr12!
Missing character: There is no   in font cmr12!
Missing character: There is no Ã in font cmr12!
Missing character: There is no ² in font cmr12!
Missing character: There is no Ã in font cmr12!
Missing character: There is no ¨ in font cmr12!
Missing character: There is no Ã in font cmr12!
Missing character: There is no ¨ in font cmr12!
Missing character: There is no Ã in font cmr12!
Missing character: There is no ¨ in font cmr12!
Missing character: There is no Ã in font cmr12!
Missing character: There is no   in font cmr12!
Missing character: There is no Ã in font cmr12!
Missing character: There is no ¨ in font cmr12!
Missing character: There is no Ã in font cmr12!
Missing character: There is no ² in font cmr12!
Missing character: There is no Ã in font cmr12!
Missing character: There is no ¨ in font cmr12!
Missing character: There is no Ã in font cmr12!
Missing character: There is no ˆ in font cmr12!
Missing character: There is no Ã in font cmr12!
Missing character: There is no ¹ in font cmr12!
Missing character: There is no Ã in font cmr12!
Missing character: There is no ¨ in font cmr12!
Missing character: There is no Ã in font cmr12!
Missing character: There is no   in font cmr12!
 [23]
Missing character: There is no Ã in font cmr12!
Missing character: There is no ¨ in font cmr12!
Missing character: There is no Ã in font cmr12!
Missing character: There is no ¨ in font cmr12!
Missing character: There is no Ã in font cmr12!
Missing character: There is no   in font cmr12!
Missing character: There is no Ã in font cmr12!
Missing character: There is no   in font cmr12!
Missing character: There is no Ã in font cmr12!
Missing character: There is no ¨ in font cmr12!
Missing character: There is no Ã in font cmr12!
Missing character: There is no   in font cmr12!
Missing character: There is no Ã in font cmr12!
Missing character: There is no ¹ in font cmr12!
Missing character: There is no Ã in font cmr12!
Missing character: There is no   in font cmr12!
Missing character: There is no Ã in font cmr12!
Missing character: There is no ¨ in font cmr12!
Missing character: There is no Ã in font cmr12!
Missing character: There is no ¨ in font cmr12!
Missing character: There is no Ã in font cmr12!
Missing character: There is no   in font cmr12!
Missing character: There is no Ã in font cmr12!
Missing character: There is no   in font cmr12!
Missing character: There is no Ã in font cmr12!
Missing character: There is no ¨ in font cmr12!
Missing character: There is no Ã in font cmr12!
Missing character: There is no ¹ in font cmr12!
Missing character: There is no Ã in font cmr12!
Missing character: There is no ¹ in font cmr12!
Missing character: There is no Ã in font cmr12!
Missing character: There is no ¨ in font cmr12!
Missing character: There is no Ã in font cmr12!
Missing character: There is no   in font cmr12!
Missing character: There is no Ã in font cmr12!
Missing character: There is no   in font cmr12!
Missing character: There is no Ã in font cmr12!
Missing character: There is no ¨ in font cmr12!
Missing character: There is no Ã in font cmr12!
Missing character: There is no ¹ in font cmr12!
 [24]
Missing character: There is no Ã in font cmr12!
Missing character: There is no ¨ in font cmr12!
Missing character: There is no Ã in font cmr12!
Missing character: There is no ¨ in font cmr12!
Missing character: There is no Ã in font cmr12!
Missing character: There is no ¨ in font cmr12!
Missing character: There is no Ã in font cmr12!
Missing character: There is no ¹ in font cmr12!
Missing character: There is no Ã in font cmr12!
Missing character: There is no © in font cmr12!
Missing character: There is no Ã in font cmr12!
Missing character: There is no ¨ in font cmr12!
Missing character: There is no Ã in font cmr12!
Missing character: There is no ¹ in font cmr12!
Missing character: There is no Ã in font cmr12!
Missing character: There is no ¹ in font cmr12!
Missing character: There is no Ã in font cmr12!
Missing character: There is no   in font cmr12!
Missing character: There is no Ã in font cmr12!
Missing character: There is no ² in font cmr12!
Missing character: There is no Ã in font cmr12!
Missing character: There is no ² in font cmr12!
Missing character: There is no Ã in font cmr12!
Missing character: There is no   in font cmr12!
Missing character: There is no Ã in font cmr12!
Missing character: There is no ² in font cmr12!
 [25]
Missing character: There is no Ã in font cmr12!
Missing character: There is no   in font cmr12!
Missing character: There is no Ã in font cmbx12!
Missing character: There is no   in font cmbx12!
Missing character: There is no Ã in font cmr12!
Missing character: There is no   in font cmr12!
Missing character: There is no â in font cmr12!
Missing character: There is no € in font cmr12!
Missing character: There is no œ in font cmr12!
Missing character: There is no â in font cmr12!
Missing character: There is no € in font cmr12!
Missing character: There is no  in font cmr12!
Missing character: There is no â in font cmr12!
Missing character: There is no € in font cmr12!
Missing character: There is no ™ in font cmr12!
Missing character: There is no Ã in font cmbx12!
Missing character: There is no   in font cmbx12!
Missing character: There is no Ã in font cmr12!
Missing character: There is no ¹ in font cmr12!

Underfull \hbox (badness 10000) in paragraph at lines 533--537

 []

[26]
Capitolo 4.
[27

]
Capitolo 5.
[28

] (/home/lucajett/Desktop/UNI/App Mobili/Tesi.aux) ) 
Here is how much of TeX's memory you used:
 14436 strings out of 492982
 272647 string characters out of 6134896
 326085 words of memory out of 5000000
 17687 multiletter control sequences out of 15000+600000
 14456 words of font info for 57 fonts, out of 8000000 for 9000
 1141 hyphenation exceptions out of 8191
 55i,6n,54p,1562b,219s stack positions out of 5000i,500n,10000p,200000b,80000s
</usr/share/texlive/texmf-dist/fonts/type1/public/amsfonts/cm/cmbx10.pfb></usr/share/texlive/texmf-dist/fonts/type1/public/amsfonts/cm/cmbx12.pfb></usr/share/texlive/texmf-dist/fonts/type1/public/amsfonts/cm/cmcsc10.pfb></usr/share/texlive/texmf-dist/fonts/type1/public/amsfonts/cm/cmex10.pfb></usr/share/texlive/texmf-dist/fonts/type1/public/amsfonts/cm/cmmi12.pfb></usr/share/texlive/texmf-dist/fonts/type1/public/amsfonts/cm/cmmi6.pfb></usr/share/texlive/texmf-dist/fonts/type1/public/amsfonts/cm/cmmi8.pfb></usr/share/texlive/texmf-dist/fonts/type1/public/amsfonts/cm/cmr12.pfb></usr/share/texlive/texmf-dist/fonts/type1/public/amsfonts/cm/cmr6.pfb></usr/share/texlive/texmf-dist/fonts/type1/public/amsfonts/cm/cmr8.pfb></usr/share/texlive/texmf-dist/fonts/type1/public/amsfonts/cm/cmsy10.pfb></usr/share/texlive/texmf-dist/fonts/type1/public/amsfonts/cm/cmsy8.pfb></usr/share/texlive/texmf-dist/fonts/type1/public/amsfonts/cm/cmti12.pfb>
Output written on "/home/lucajett/Desktop/UNI/App Mobili/Tesi.pdf" (29 pages, 203158 bytes).
PDF statistics:
 153 PDF objects out of 1000 (max. 8388607)
 107 compressed objects within 2 object streams
 0 named destinations out of 1000 (max. 500000)
 13 words of extra memory for PDF output out of 10000 (max. 10000000)

